<?xml version="1.0" encoding="UTF-8"?>
<!-- Generated by org.testng.reporters.JUnitXMLReporter -->
<testsuite ignored="0" hostname="Michaels-Mini.attlocal.net" failures="0" tests="1" name="Default test" time="0.361" errors="0" timestamp="2024-07-23T18:42:24 EDT">
  <testcase classname="rahulshettyacademy.IOSBaseTest" name="@BeforeClass configureAppium" time="0.338">
    <failure type="org.openqa.selenium.SessionNotCreatedException" message="Could not start a new session. Response code 500. Message: An unknown server-side error occurred while processing the command. Original error: Could not find a driver for automationName &amp;apos;XCuiTest&amp;apos; and platformName &amp;apos;IOS&amp;apos;. Have you installed a driver that supports those capabilities? Run &amp;apos;appium driver list --installed&amp;apos; to see. (Lower-level error: onExit is not a function) 
Host info: host: &amp;apos;Michaels-Mini.attlocal.net&amp;apos;, ip: &amp;apos;192.168.1.116&amp;apos;
Build info: version: &amp;apos;4.23.0&amp;apos;, revision: &amp;apos;4df0a231af&amp;apos;
System info: os.name: &amp;apos;Mac OS X&amp;apos;, os.arch: &amp;apos;aarch64&amp;apos;, os.version: &amp;apos;14.4&amp;apos;, java.version: &amp;apos;21.0.2&amp;apos;
Driver info: io.appium.java_client.ios.IOSDriver
Command: [null, newSession {capabilities=[Capabilities {appium:app: /Users/eyegor/Desktop/UIKit..., appium:automationName: XCuiTest, appium:deviceName: iPhone 15 Pro, appium:platformVersion: 17.4, appium:wdaLaunchTimeout: 20000, platformName: IOS}]}]
Capabilities {appium:app: /Users/eyegor/Desktop/UIKit..., appium:automationName: XCuiTest, appium:deviceName: iPhone 15 Pro, appium:platformVersion: 17.4, appium:wdaLaunchTimeout: 20000, platformName: IOS}">
      <![CDATA[org.openqa.selenium.SessionNotCreatedException: Could not start a new session. Response code 500. Message: An unknown server-side error occurred while processing the command. Original error: Could not find a driver for automationName 'XCuiTest' and platformName 'IOS'. Have you installed a driver that supports those capabilities? Run 'appium driver list --installed' to see. (Lower-level error: onExit is not a function) 
Host info: host: 'Michaels-Mini.attlocal.net', ip: '192.168.1.116'
Build info: version: '4.23.0', revision: '4df0a231af'
System info: os.name: 'Mac OS X', os.arch: 'aarch64', os.version: '14.4', java.version: '21.0.2'
Driver info: io.appium.java_client.ios.IOSDriver
Command: [null, newSession {capabilities=[Capabilities {appium:app: /Users/eyegor/Desktop/UIKit..., appium:automationName: XCuiTest, appium:deviceName: iPhone 15 Pro, appium:platformVersion: 17.4, appium:wdaLaunchTimeout: 20000, platformName: IOS}]}]
Capabilities {appium:app: /Users/eyegor/Desktop/UIKit..., appium:automationName: XCuiTest, appium:deviceName: iPhone 15 Pro, appium:platformVersion: 17.4, appium:wdaLaunchTimeout: 20000, platformName: IOS}
at org.openqa.selenium.remote.ProtocolHandshake.createSession(ProtocolHandshake.java:114)
at org.openqa.selenium.remote.ProtocolHandshake.createSession(ProtocolHandshake.java:75)
at org.openqa.selenium.remote.ProtocolHandshake.createSession(ProtocolHandshake.java:61)
at io.appium.java_client.remote.AppiumCommandExecutor.createSession(AppiumCommandExecutor.java:176)
at io.appium.java_client.remote.AppiumCommandExecutor.execute(AppiumCommandExecutor.java:237)
at org.openqa.selenium.remote.RemoteWebDriver.execute(RemoteWebDriver.java:527)
at io.appium.java_client.AppiumDriver.startSession(AppiumDriver.java:270)
at org.openqa.selenium.remote.RemoteWebDriver.<init>(RemoteWebDriver.java:163)
at io.appium.java_client.AppiumDriver.<init>(AppiumDriver.java:91)
at io.appium.java_client.AppiumDriver.<init>(AppiumDriver.java:103)
at io.appium.java_client.ios.IOSDriver.<init>(IOSDriver.java:101)
at rahulshettyacademy.IOSBaseTest.configureAppium(IOSBaseTest.java:38)
at java.base/jdk.internal.reflect.DirectMethodHandleAccessor.invoke(DirectMethodHandleAccessor.java:103)
at java.base/java.lang.reflect.Method.invoke(Method.java:580)
at org.testng.internal.invokers.MethodInvocationHelper.invokeMethod(MethodInvocationHelper.java:141)
at org.testng.internal.invokers.MethodInvocationHelper.invokeMethodConsideringTimeout(MethodInvocationHelper.java:71)
at org.testng.internal.invokers.ConfigInvoker.invokeConfigurationMethod(ConfigInvoker.java:400)
at org.testng.internal.invokers.ConfigInvoker.invokeConfigurations(ConfigInvoker.java:333)
at org.testng.internal.invokers.TestMethodWorker.invokeBeforeClassMethods(TestMethodWorker.java:188)
at org.testng.internal.invokers.TestMethodWorker.run(TestMethodWorker.java:128)
at java.base/java.util.ArrayList.forEach(ArrayList.java:1596)
at org.testng.TestRunner.privateRun(TestRunner.java:739)
at org.testng.TestRunner.run(TestRunner.java:614)
at org.testng.SuiteRunner.runTest(SuiteRunner.java:421)
at org.testng.SuiteRunner.runSequentially(SuiteRunner.java:413)
at org.testng.SuiteRunner.privateRun(SuiteRunner.java:373)
at org.testng.SuiteRunner.run(SuiteRunner.java:312)
at org.testng.SuiteRunnerWorker.runSuite(SuiteRunnerWorker.java:52)
at org.testng.SuiteRunnerWorker.run(SuiteRunnerWorker.java:95)
at org.testng.TestNG.runSuitesSequentially(TestNG.java:1274)
at org.testng.TestNG.runSuitesLocally(TestNG.java:1208)
at org.testng.TestNG.runSuites(TestNG.java:1112)
at org.testng.TestNG.run(TestNG.java:1079)
at org.testng.remote.AbstractRemoteTestNG.run(AbstractRemoteTestNG.java:115)
at org.testng.remote.RemoteTestNG.initAndRun(RemoteTestNG.java:293)
at org.testng.remote.RemoteTestNG.main(RemoteTestNG.java:91)
]]>
    </failure>
  </testcase> <!-- @BeforeClass configureAppium -->
  <testcase classname="rahulshettyacademy.IOSBaseTest" name="@AfterClass tearDown" time="0.0">
    <skipped/>
  </testcase> <!-- @AfterClass tearDown -->
  <testcase classname="rahulshettyacademy.IOSBasics" name="iOSBasicsTest" time="0.0">
    <skipped/>
  </testcase> <!-- iOSBasicsTest -->
</testsuite> <!-- Default test -->
